[22-Nov-2016 13:18:46 UTC] PHP Warning:  fopen(../../log/wrenchlog.log): failed to open stream: No such file or directory in /var/www/html/lib/Wrench/Server.php on line 141
[22-Nov-2016 13:18:46 UTC] PHP Warning:  fwrite() expects parameter 1 to be resource, boolean given in /var/www/html/lib/Wrench/Server.php on line 142
[22-Nov-2016 13:18:46 UTC] PHP Warning:  fclose() expects parameter 1 to be resource, boolean given in /var/www/html/lib/Wrench/Server.php on line 143
[22-Nov-2016 13:18:46 UTC] PHP Warning:  stream_socket_server(): unable to connect to tcp://192.168.11.42:9600 (Address already in use) in /var/www/html/lib/Wrench/Socket/ServerSocket.php on line 63
[22-Nov-2016 13:18:46 UTC] PHP Fatal error:  Uncaught exception 'Wrench\Exception\ConnectionException' with message 'Could not listen on socket: Address already in use (0)' in /var/www/html/lib/Wrench/Socket/ServerSocket.php:66
Stack trace:
#0 /var/www/html/lib/Wrench/ConnectionManager.php(119): Wrench\Socket\ServerSocket->listen()
#1 /var/www/html/lib/Wrench/Server.php(201): Wrench\ConnectionManager->listen()
#2 /var/www/html/lib/server.php(55): Wrench\Server->run()
#3 {main}
  thrown in /var/www/html/lib/Wrench/Socket/ServerSocket.php on line 66
[22-Nov-2016 13:19:47 UTC] PHP Warning:  fopen(../../log/wrenchlog.log): failed to open stream: No such file or directory in /var/www/html/lib/Wrench/Server.php on line 141
[22-Nov-2016 13:19:47 UTC] PHP Warning:  fwrite() expects parameter 1 to be resource, boolean given in /var/www/html/lib/Wrench/Server.php on line 142
[22-Nov-2016 13:19:47 UTC] PHP Warning:  fclose() expects parameter 1 to be resource, boolean given in /var/www/html/lib/Wrench/Server.php on line 143
[22-Nov-2016 13:19:47 UTC] PHP Warning:  stream_socket_server(): unable to connect to tcp://192.168.11.42:9600 (Address already in use) in /var/www/html/lib/Wrench/Socket/ServerSocket.php on line 63
[22-Nov-2016 13:19:47 UTC] PHP Fatal error:  Uncaught exception 'Wrench\Exception\ConnectionException' with message 'Could not listen on socket: Address already in use (0)' in /var/www/html/lib/Wrench/Socket/ServerSocket.php:66
Stack trace:
#0 /var/www/html/lib/Wrench/ConnectionManager.php(119): Wrench\Socket\ServerSocket->listen()
#1 /var/www/html/lib/Wrench/Server.php(201): Wrench\ConnectionManager->listen()
#2 /var/www/html/lib/server.php(55): Wrench\Server->run()
#3 {main}
  thrown in /var/www/html/lib/Wrench/Socket/ServerSocket.php on line 66
[22-Nov-2016 13:21:35 UTC] PHP Warning:  stream_socket_server(): unable to connect to tcp://192.168.11.42:9600 (Address already in use) in /var/www/html/lib/Wrench/Socket/ServerSocket.php on line 63
[22-Nov-2016 13:21:35 UTC] PHP Fatal error:  Uncaught exception 'Wrench\Exception\ConnectionException' with message 'Could not listen on socket: Address already in use (0)' in /var/www/html/lib/Wrench/Socket/ServerSocket.php:66
Stack trace:
#0 /var/www/html/lib/Wrench/ConnectionManager.php(119): Wrench\Socket\ServerSocket->listen()
#1 /var/www/html/lib/Wrench/Server.php(201): Wrench\ConnectionManager->listen()
#2 /var/www/html/lib/server.php(55): Wrench\Server->run()
#3 {main}
  thrown in /var/www/html/lib/Wrench/Socket/ServerSocket.php on line 66
[22-Nov-2016 14:23:58 UTC] PHP Warning:  stream_socket_server(): unable to connect to tcp://192.168.11.42:9600 (Address already in use) in /var/www/html/lib/Wrench/Socket/ServerSocket.php on line 63
[22-Nov-2016 14:23:58 UTC] PHP Fatal error:  Uncaught exception 'Wrench\Exception\ConnectionException' with message 'Could not listen on socket: Address already in use (0)' in /var/www/html/lib/Wrench/Socket/ServerSocket.php:66
Stack trace:
#0 /var/www/html/lib/Wrench/ConnectionManager.php(119): Wrench\Socket\ServerSocket->listen()
#1 /var/www/html/lib/Wrench/Server.php(201): Wrench\ConnectionManager->listen()
#2 /var/www/html/lib/server.php(55): Wrench\Server->run()
#3 {main}
  thrown in /var/www/html/lib/Wrench/Socket/ServerSocket.php on line 66
[22-Nov-2016 14:30:07 UTC] PHP Warning:  stream_socket_server(): unable to connect to tcp://192.168.11.42:9600 (Address already in use) in /var/www/html/lib/Wrench/Socket/ServerSocket.php on line 63
[22-Nov-2016 14:30:07 UTC] PHP Fatal error:  Uncaught exception 'Wrench\Exception\ConnectionException' with message 'Could not listen on socket: Address already in use (0)' in /var/www/html/lib/Wrench/Socket/ServerSocket.php:66
Stack trace:
#0 /var/www/html/lib/Wrench/ConnectionManager.php(119): Wrench\Socket\ServerSocket->listen()
#1 /var/www/html/lib/Wrench/Server.php(201): Wrench\ConnectionManager->listen()
#2 /var/www/html/lib/server.php(55): Wrench\Server->run()
#3 {main}
  thrown in /var/www/html/lib/Wrench/Socket/ServerSocket.php on line 66
[25-Nov-2016 10:01:13 UTC] PHP Warning:  require_once(./../core/server.php): failed to open stream: No such file or directory in /var/www/html/lib/server.php on line 14
[25-Nov-2016 10:01:13 UTC] PHP Fatal error:  require_once(): Failed opening required './../core/server.php' (include_path='.:/usr/share/pear:/usr/share/php') in /var/www/html/lib/server.php on line 14
[25-Nov-2016 10:06:43 UTC] PHP Warning:  require_once(./../core/server.php): failed to open stream: No such file or directory in /var/www/html/lib/server.php on line 14
[25-Nov-2016 10:06:43 UTC] PHP Fatal error:  require_once(): Failed opening required './../core/server.php' (include_path='.:/usr/share/pear:/usr/share/php') in /var/www/html/lib/server.php on line 14
[25-Nov-2016 10:12:36 UTC] PHP Warning:  require_once(./../core/server.php): failed to open stream: No such file or directory in /var/www/html/lib/server.php on line 14
[25-Nov-2016 10:12:36 UTC] PHP Fatal error:  require_once(): Failed opening required './../core/server.php' (include_path='.:/usr/share/pear:/usr/share/php') in /var/www/html/lib/server.php on line 14
[25-Nov-2016 10:13:08 UTC] PHP Warning:  stream_socket_server(): unable to connect to tcp://192.168.11.42:9600 (Address already in use) in /var/www/html/lib/Wrench/Socket/ServerSocket.php on line 63
[25-Nov-2016 10:13:08 UTC] PHP Fatal error:  Uncaught exception 'Wrench\Exception\ConnectionException' with message 'Could not listen on socket: Address already in use (0)' in /var/www/html/lib/Wrench/Socket/ServerSocket.php:66
Stack trace:
#0 /var/www/html/lib/Wrench/ConnectionManager.php(119): Wrench\Socket\ServerSocket->listen()
#1 /var/www/html/lib/Wrench/Server.php(201): Wrench\ConnectionManager->listen()
#2 /var/www/html/lib/server.php(55): Wrench\Server->run()
#3 {main}
  thrown in /var/www/html/lib/Wrench/Socket/ServerSocket.php on line 66
[25-Nov-2016 10:13:48 UTC] PHP Warning:  stream_socket_server(): unable to connect to tcp://192.168.11.42:9600 (Address already in use) in /var/www/html/lib/Wrench/Socket/ServerSocket.php on line 63
[25-Nov-2016 10:13:48 UTC] PHP Fatal error:  Uncaught exception 'Wrench\Exception\ConnectionException' with message 'Could not listen on socket: Address already in use (0)' in /var/www/html/lib/Wrench/Socket/ServerSocket.php:66
Stack trace:
#0 /var/www/html/lib/Wrench/ConnectionManager.php(119): Wrench\Socket\ServerSocket->listen()
#1 /var/www/html/lib/Wrench/Server.php(201): Wrench\ConnectionManager->listen()
#2 /var/www/html/lib/server.php(55): Wrench\Server->run()
#3 {main}
  thrown in /var/www/html/lib/Wrench/Socket/ServerSocket.php on line 66
[29-Nov-2016 05:58:48 UTC] VerifyTicket:DB SELECT ERROR
[29-Nov-2016 05:58:48 UTC] PHP Warning:  mysql_fetch_assoc() expects parameter 1 to be resource, boolean given in /var/www/html/core/ticket.php on line 55
[30-Nov-2016 07:47:43 UTC] VerifyTicket:DB SELECT ERROR
[30-Nov-2016 07:47:43 UTC] PHP Warning:  mysql_fetch_assoc() expects parameter 1 to be resource, boolean given in /var/www/html/core/ticket.php on line 55
